<?xml version="1.0" encoding="UTF-8"?>
<testsuite name="lab2.src.test.java.by.bsu.dependency.context.BeanHelperTest" tests="1" skipped="0" failures="0" errors="0" timestamp="2024-11-13T08:01:02" hostname="WIN-OMPGCJSVMQM" time="0.003">
  <properties/>
  <testcase name="testNameFormingFromType()" classname="lab2.src.test.java.by.bsu.dependency.context.BeanHelperTest" time="0.003"/>
  <system-out><![CDATA[]]></system-out>
  <system-err><![CDATA[]]></system-err>
</testsuite>
