<?xml version="1.0" encoding="UTF-8"?>
<testsuite name="lab2.src.test.java.by.bsu.dependency.context.AutoScanApplicationContextTest" tests="2" skipped="0" failures="0" errors="0" timestamp="2024-11-13T08:01:02" hostname="WIN-OMPGCJSVMQM" time="0.162">
  <properties/>
  <testcase name="containstAll()" classname="lab2.src.test.java.by.bsu.dependency.context.AutoScanApplicationContextTest" time="0.156"/>
  <testcase name="excludeNotTests()" classname="lab2.src.test.java.by.bsu.dependency.context.AutoScanApplicationContextTest" time="0.004"/>
  <system-out><![CDATA[]]></system-out>
  <system-err><![CDATA[]]></system-err>
</testsuite>
